2024-03-11 21:25:31.454 +0530 [debug] ([34mconfigs.js[0m) [31mloaded default configs as "{"updates":{"manifest_url":"https://ws.freshdev.io/cli/updates.json","period":24},"log":{"level":"info"},"javascript":{"ecma_version":2020},"request":{"timeout":5000}}"[0m
2024-03-11 21:25:31.462 +0530 [debug] ([34mfile-util.js[0m) [31mError while requiring C:\Users\Pal M/.fdk/configs.json: Cannot find module 'C:\Users\Pal M/.fdk/configs.json'
Require stack:
- C:\Users\Pal M\AppData\Roaming\nvm\v14.0.0\node_modules\fdk\lib\utils\file-util.js
- C:\Users\Pal M\AppData\Roaming\nvm\v14.0.0\node_modules\fdk\lib\configs.js
- C:\Users\Pal M\AppData\Roaming\nvm\v14.0.0\node_modules\fdk\lib\logger.js
- C:\Users\Pal M\AppData\Roaming\nvm\v14.0.0\node_modules\fdk\index.js[0m
2024-03-11 21:25:31.462 +0530 [debug] ([34mconfigs.js[0m) [31mloaded global configs as "{}"[0m
2024-03-11 21:25:31.463 +0530 [debug] ([34mfile-util.js[0m) [31mError while requiring D:\Learnings\Web_App_Projects/.fdk/configs.json: Cannot find module 'D:\Learnings\Web_App_Projects/.fdk/configs.json'
Require stack:
- C:\Users\Pal M\AppData\Roaming\nvm\v14.0.0\node_modules\fdk\lib\utils\file-util.js
- C:\Users\Pal M\AppData\Roaming\nvm\v14.0.0\node_modules\fdk\lib\configs.js
- C:\Users\Pal M\AppData\Roaming\nvm\v14.0.0\node_modules\fdk\lib\logger.js
- C:\Users\Pal M\AppData\Roaming\nvm\v14.0.0\node_modules\fdk\index.js[0m
2024-03-11 21:25:31.463 +0530 [debug] ([34mconfigs.js[0m) [31mloaded local configs as "{}"[0m
2024-03-11 21:25:31.463 +0530 [debug] ([34mconfigs.js[0m) [31mloaded env configs as "{"updates":{},"log":{},"javascript":{},"request":{"timeout":5000}}"[0m
2024-03-11 21:25:31.463 +0530 [debug] ([34mconfigs.js[0m) [31mloaded resolved configs as "{"updates":{"manifest_url":"https://ws.freshdev.io/cli/updates.json","period":24},"log":{"level":"info"},"javascript":{"ecma_version":2020},"request":{"timeout":5000}}"[0m
2024-03-11 21:25:31.463 +0530 [debug] ([34mlogger.js[0m) [31mStarting FDK in node v14.0.0 on win32[0m
2024-03-11 21:25:31.463 +0530 [debug] ([34msequelize.js[0m) [31msetting up sqilite at "D:\Learnings\Web_App_Projects/.fdk/store.sqlite"[0m
2024-03-11 21:25:31.463 +0530 [debug] ([34mindex.js[0m) [31mRunning with args {"cmd":"version","gopts":{},"opts":{},"goptArg":{},"optArg":{},"args":[]}[0m
2024-03-11 21:25:31.463 +0530 [debug] ([34mdata-util.js[0m) [31mRead {"version_details":{"fdkCli":{"version":"6.13.2","dl":"https://dl.freshdev.io/cli/fdk-6.13.2.tgz","cmd":"npm install https://dl.freshdev.io/cli/fdk-6.13.2.tgz -g"},"addon":{"version":"1.9.10","dl":"https://dl.freshdev.io/cli-addon/addon-1.9.10.zip"},"forced_versions":["4.3.6"]},"last_updated":{"time_stamp":1710125346251}}[0m
2024-03-11 21:25:31.463 +0530 [debug] ([34mupdater.js[0m) [31msaw --skip-update-check flag, skipping update check[0m
2024-03-11 21:25:31.473 +0530 [info] Installed: 8.6.7
2024-03-11 21:25:32.020 +0530 [debug] ([34mversion.js[0m) [31mdownloaded update manifest as {"cli":{"deprecated":{"version":"<9","message":"This FDK version will be deprecated by September 30, 2023 There will be no further feature updates to this version. For a seamless app building experience, ensure to move to the latest FDK version. For more information, see https://developers.freshdesk.com/v2/docs/migration-overview/#latest_platform_version_migration."},"forced":{"version":"7.0.0","command":"npm install https://dl.freshdev.io/cli/fdk-7.0.0.tgz -g","message":"Your FDK version has been forced updated to v7.0.0, please visit https://community.developers.freshworks.com/t/fdk-v7-0-announcing-node-js-v12-and-es6-support/3606 to know more"},"latest":{"version":"8.6.7","command":"npm install https://dl.freshdev.io/cli/fdk.tgz -g","message":"This FDK version will be deprecated by July 31, 2023 There will be no further feature updates to this version. For a seamless app building experience, ensure to move to the latest FDK version. For more information, see https://developers.freshdesk.com/v2/docs/migration-overview/#latest_platform_version_migration."}},"addon":{"version":"1.12.0","url":"https://dl.freshdev.io/cli-addon/addon.zip"}}[0m
2024-03-11 21:25:32.022 +0530 [warn] [33m[WARN][0m This FDK version will be deprecated by September 30, 2023 There will be no further feature updates to this version. For a seamless app building experience, ensure to move to the latest FDK version. For more information, see https://developers.freshdesk.com/v2/docs/migration-overview/#latest_platform_version_migration.

