2024-03-11 21:37:08.585 +0530 [debug] ([34mconfigs.js[0m) [31mloaded default configs as "{"updates":{"manifest_url":"https://cdn.freshdev.io/assets/fdk/updates.json","period":24},"log":{"level":"info"},"javascript":{"ecma_version":2020},"request":{"timeout":5000}}"[0m
2024-03-11 21:37:08.587 +0530 [debug] ([34mfile.js[0m) [31mError while requiring C:\Users\Pal M/.fdk/configs.json: Cannot find module 'C:\Users\Pal M/.fdk/configs.json'
Require stack:
- C:\Users\Pal M\AppData\Roaming\npm\node_modules\fdk\lib\utils\file.js
- C:\Users\Pal M\AppData\Roaming\npm\node_modules\fdk\lib\configs.js
- C:\Users\Pal M\AppData\Roaming\npm\node_modules\fdk\lib\logger.js
- C:\Users\Pal M\AppData\Roaming\npm\node_modules\fdk\index.js[0m
2024-03-11 21:37:08.588 +0530 [debug] ([34mconfigs.js[0m) [31mloaded global configs as "{}"[0m
2024-03-11 21:37:08.588 +0530 [debug] ([34mfile.js[0m) [31mError while requiring D:\Learnings\Web_App_Projects\fdk-desk1/.fdk/configs.json: Cannot find module 'D:\Learnings\Web_App_Projects\fdk-desk1/.fdk/configs.json'
Require stack:
- C:\Users\Pal M\AppData\Roaming\npm\node_modules\fdk\lib\utils\file.js
- C:\Users\Pal M\AppData\Roaming\npm\node_modules\fdk\lib\configs.js
- C:\Users\Pal M\AppData\Roaming\npm\node_modules\fdk\lib\logger.js
- C:\Users\Pal M\AppData\Roaming\npm\node_modules\fdk\index.js[0m
2024-03-11 21:37:08.588 +0530 [debug] ([34mconfigs.js[0m) [31mloaded local configs as "{}"[0m
2024-03-11 21:37:08.588 +0530 [debug] ([34mconfigs.js[0m) [31mloaded env configs as "{"updates":{},"log":{},"javascript":{},"request":{"timeout":5000}}"[0m
2024-03-11 21:37:08.588 +0530 [debug] ([34mconfigs.js[0m) [31mloaded resolved configs as "{"updates":{"manifest_url":"https://cdn.freshdev.io/assets/fdk/updates.json","period":24},"log":{"level":"info"},"javascript":{"ecma_version":2020},"request":{"timeout":5000}}"[0m
2024-03-11 21:37:08.588 +0530 [debug] ([34mlogger.js[0m) [31mStarting FDK in node v18.14.1 on win32[0m
2024-03-11 21:37:08.588 +0530 [debug] ([34msequelize.js[0m) [31msetting up sqilite at "D:\Learnings\Web_App_Projects\fdk-desk1/.fdk/store.sqlite"[0m
2024-03-11 21:37:08.589 +0530 [debug] ([34mdata.js[0m) [31mRead {"version_details":{"fdkCli":{"version":"6.13.2","dl":"https://dl.freshdev.io/cli/fdk-6.13.2.tgz","cmd":"npm install https://dl.freshdev.io/cli/fdk-6.13.2.tgz -g"},"addon":{"version":"1.9.10","dl":"https://dl.freshdev.io/cli-addon/addon-1.9.10.zip"},"forced_versions":["4.3.6"]},"last_updated":{"time_stamp":1710125346251}}[0m
2024-03-11 21:37:08.589 +0530 [debug] ([34mupdater.js[0m) [31mlast check less than 24 hours ago, not looking for updates[0m
2024-03-11 21:37:08.592 +0530 [debug] ([34mindex.js[0m) [31mrunning with opts {}[0m
2024-03-11 21:37:08.621 +0530 [debug] ([34mdata.js[0m) [31mRead {"version_details":{"fdkCli":{"version":"6.13.2","dl":"https://dl.freshdev.io/cli/fdk-6.13.2.tgz","cmd":"npm install https://dl.freshdev.io/cli/fdk-6.13.2.tgz -g"},"addon":{"version":"1.9.10","dl":"https://dl.freshdev.io/cli-addon/addon-1.9.10.zip"},"forced_versions":["4.3.6"]},"last_updated":{"time_stamp":1710125346251}}[0m
2024-03-11 21:37:08.626 +0530 [debug] ([34mcreate.js[0m) [31m'init' called with D:\Learnings\Web_App_Projects\fdk-desk1, your_first_app, freshdesk[0m
2024-03-11 21:37:08.626 +0530 [debug] ([34mcreate.js[0m) [31mInitializing template "your_first_app" with product "freshdesk".[0m
2024-03-11 21:37:08.671 +0530 [info] A new Freshdesk app was successfully created from template "your_first_app" with the following files.

2024-03-11 21:41:23.537 +0530 [debug] ([34mconfigs.js[0m) [31mloaded default configs as "{"updates":{"manifest_url":"https://cdn.freshdev.io/assets/fdk/updates.json","period":24},"log":{"level":"info"},"javascript":{"ecma_version":2020},"request":{"timeout":5000}}"[0m
2024-03-11 21:41:23.540 +0530 [debug] ([34mfile.js[0m) [31mError while requiring C:\Users\Pal M/.fdk/configs.json: Cannot find module 'C:\Users\Pal M/.fdk/configs.json'
Require stack:
- C:\Users\Pal M\AppData\Roaming\npm\node_modules\fdk\lib\utils\file.js
- C:\Users\Pal M\AppData\Roaming\npm\node_modules\fdk\lib\configs.js
- C:\Users\Pal M\AppData\Roaming\npm\node_modules\fdk\lib\logger.js
- C:\Users\Pal M\AppData\Roaming\npm\node_modules\fdk\index.js[0m
2024-03-11 21:41:23.540 +0530 [debug] ([34mconfigs.js[0m) [31mloaded global configs as "{}"[0m
2024-03-11 21:41:23.540 +0530 [debug] ([34mfile.js[0m) [31mError while requiring D:\Learnings\Web_App_Projects\fdk-desk1/.fdk/configs.json: Cannot find module 'D:\Learnings\Web_App_Projects\fdk-desk1/.fdk/configs.json'
Require stack:
- C:\Users\Pal M\AppData\Roaming\npm\node_modules\fdk\lib\utils\file.js
- C:\Users\Pal M\AppData\Roaming\npm\node_modules\fdk\lib\configs.js
- C:\Users\Pal M\AppData\Roaming\npm\node_modules\fdk\lib\logger.js
- C:\Users\Pal M\AppData\Roaming\npm\node_modules\fdk\index.js[0m
2024-03-11 21:41:23.540 +0530 [debug] ([34mconfigs.js[0m) [31mloaded local configs as "{}"[0m
2024-03-11 21:41:23.540 +0530 [debug] ([34mconfigs.js[0m) [31mloaded env configs as "{"updates":{},"log":{},"javascript":{},"request":{"timeout":5000}}"[0m
2024-03-11 21:41:23.540 +0530 [debug] ([34mconfigs.js[0m) [31mloaded resolved configs as "{"updates":{"manifest_url":"https://cdn.freshdev.io/assets/fdk/updates.json","period":24},"log":{"level":"info"},"javascript":{"ecma_version":2020},"request":{"timeout":5000}}"[0m
2024-03-11 21:41:23.541 +0530 [debug] ([34mlogger.js[0m) [31mStarting FDK in node v18.14.1 on win32[0m
2024-03-11 21:41:23.541 +0530 [debug] ([34msequelize.js[0m) [31msetting up sqilite at "D:\Learnings\Web_App_Projects\fdk-desk1/.fdk/store.sqlite"[0m
2024-03-11 21:41:23.541 +0530 [debug] ([34mdata.js[0m) [31mRead {"version_details":{"fdkCli":{"version":"6.13.2","dl":"https://dl.freshdev.io/cli/fdk-6.13.2.tgz","cmd":"npm install https://dl.freshdev.io/cli/fdk-6.13.2.tgz -g"},"addon":{"version":"1.9.10","dl":"https://dl.freshdev.io/cli-addon/addon-1.9.10.zip"},"forced_versions":["4.3.6"]},"last_updated":{"time_stamp":1710125346251}}[0m
2024-03-11 21:41:23.541 +0530 [debug] ([34mupdater.js[0m) [31mlast check less than 24 hours ago, not looking for updates[0m
2024-03-11 21:41:23.545 +0530 [debug] ([34mindex.js[0m) [31mrunning with opts {}[0m
2024-03-11 21:41:23.976 +0530 [debug] ([34mmanifest.js[0m) [31mReloading manifest with {"platform-version":"2.3","product":{"freshdesk":{"location":{"ticket_sidebar":{"url":"index.html","icon":"styles/images/icon.svg"}}}},"engines":{"node":"18.14.1","fdk":"9.0.8"}}.[0m
2024-03-11 21:41:23.977 +0530 [debug] ([34mmanifest.js[0m) [31mInferred db as features.[0m
2024-03-11 21:41:23.981 +0530 [debug] ([34mdata.js[0m) [31mRead {"version_details":{"fdkCli":{"version":"6.13.2","dl":"https://dl.freshdev.io/cli/fdk-6.13.2.tgz","cmd":"npm install https://dl.freshdev.io/cli/fdk-6.13.2.tgz -g"},"addon":{"version":"1.9.10","dl":"https://dl.freshdev.io/cli-addon/addon-1.9.10.zip"},"forced_versions":["4.3.6"]},"last_updated":{"time_stamp":1710125346251}}[0m
2024-03-11 21:41:24.003 +0530 [debug] ([34mdata.js[0m) [31mRead {"version_details":{"fdkCli":{"version":"6.13.2","dl":"https://dl.freshdev.io/cli/fdk-6.13.2.tgz","cmd":"npm install https://dl.freshdev.io/cli/fdk-6.13.2.tgz -g"},"addon":{"version":"1.9.10","dl":"https://dl.freshdev.io/cli-addon/addon-1.9.10.zip"},"forced_versions":["4.3.6"]},"last_updated":{"time_stamp":1710125346251}}[0m
2024-03-11 21:41:25.675 +0530 [debug] ([34mdata.js[0m) [31mRead {"version_details":{"fdkCli":{"version":"6.13.2","dl":"https://dl.freshdev.io/cli/fdk-6.13.2.tgz","cmd":"npm install https://dl.freshdev.io/cli/fdk-6.13.2.tgz -g"},"addon":{"version":"1.9.10","dl":"https://dl.freshdev.io/cli-addon/addon-1.9.10.zip"},"forced_versions":["4.3.6"]},"last_updated":{"time_stamp":1710125346251}}[0m
2024-03-11 21:41:27.085 +0530 [debug] ([34mvalidate.js[0m) [31masked to skip the following validations, [0m
2024-03-11 21:41:27.086 +0530 [debug] ([34mvalidate.js[0m) [31mrunning validator actions[0m
2024-03-11 21:41:27.086 +0530 [debug] ([34mvalidate.js[0m) [31mrunning validator requests[0m
2024-03-11 21:41:27.086 +0530 [debug] ([34mvalidate.js[0m) [31mrunning validator app-dir[0m
2024-03-11 21:41:27.088 +0530 [debug] ([34mvalidate.js[0m) [31mrunning validator config-dir[0m
2024-03-11 21:41:27.088 +0530 [debug] ([34mconfig-dir.js[0m) [31mChecking to see if D:\Learnings\Web_App_Projects\fdk-desk1/config/ exists.[0m
2024-03-11 21:41:27.088 +0530 [debug] ([34mconfig-dir.js[0m) [31mFetched the following config files iparams.json[0m
2024-03-11 21:41:27.088 +0530 [debug] ([34mvalidate.js[0m) [31mrunning validator custom-objects[0m
2024-03-11 21:41:27.089 +0530 [debug] ([34mvalidate.js[0m) [31mrunning validator event[0m
2024-03-11 21:41:27.089 +0530 [debug] ([34mvalidate.js[0m) [31mrunning validator iparam[0m
2024-03-11 21:41:27.092 +0530 [debug] ([34mvalidate.js[0m) [31mrunning validator lint[0m
2024-03-11 21:41:27.092 +0530 [debug] ([34mlint.js[0m) [31mpassed fix flag: undefined[0m
2024-03-11 21:41:27.096 +0530 [debug] ([34mlint.js[0m) [31mRunning the following lints on the file app\scripts\app.js : no-caller,no-process-env,complexity,max-nested-callbacks,handle-callback-err,no-eval,no-alert,no-debugger,no-unreachable,no-unhandled-promise,no-logging-rejections,no-non-client-request-model,no-deprecated-apis,no-proxy-requests,no-cross-scope-assign,no-empty-function,no-unused-vars[0m
2024-03-11 21:41:27.147 +0530 [debug] ([34mvalidate.js[0m) [31mrunning validator manifest[0m
2024-03-11 21:41:27.147 +0530 [debug] ([34mvalidate.js[0m) [31mskipping validator manifest-dependency[0m
2024-03-11 21:41:27.147 +0530 [debug] ([34mvalidate.js[0m) [31mrunning validator oauth[0m
2024-03-11 21:41:27.147 +0530 [debug] ([34mvalidate.js[0m) [31mskipping validator pkgsize[0m
2024-03-11 21:41:27.147 +0530 [debug] ([34mvalidate.js[0m) [31mrunning validator schema[0m
2024-03-11 21:41:27.147 +0530 [debug] ([34mvalidate.js[0m) [31mrunning validator version-check[0m
2024-03-11 21:41:27.152 +0530 [debug] ([34mwatcher.js[0m) [31mPreparing to watch the following files ./app,./config,./manifest.json[0m
2024-03-11 21:41:27.157 +0530 [debug] ([34mdata.js[0m) [31mRead {}[0m
2024-03-11 21:41:27.157 +0530 [debug] ([34mcustom-objects.js[0m) [31mto force or not? undefined[0m
2024-03-11 21:41:27.158 +0530 [debug] ([34mcustom-objects.js[0m) [31mbeginning to re-sync db[0m
2024-03-11 21:41:28.909 +0530 [debug] ([34mindex.js[0m) [31mloading model at "C:\Users\Pal M\AppData\Roaming\npm\node_modules\fdk\lib\models\bigint-pivot.js"[0m
2024-03-11 21:41:28.924 +0530 [debug] ([34mindex.js[0m) [31mloading model at "C:\Users\Pal M\AppData\Roaming\npm\node_modules\fdk\lib\models\entity-field-choice.js"[0m
2024-03-11 21:41:28.930 +0530 [debug] ([34mindex.js[0m) [31mloading model at "C:\Users\Pal M\AppData\Roaming\npm\node_modules\fdk\lib\models\entity-field.js"[0m
2024-03-11 21:41:28.937 +0530 [debug] ([34mindex.js[0m) [31mloading model at "C:\Users\Pal M\AppData\Roaming\npm\node_modules\fdk\lib\models\entity.js"[0m
2024-03-11 21:41:28.944 +0530 [debug] ([34mindex.js[0m) [31mloading model at "C:\Users\Pal M\AppData\Roaming\npm\node_modules\fdk\lib\models\record.js"[0m
2024-03-11 21:41:28.951 +0530 [debug] ([34mindex.js[0m) [31mloading model at "C:\Users\Pal M\AppData\Roaming\npm\node_modules\fdk\lib\models\string-pivot.js"[0m
2024-03-11 21:41:28.973 +0530 [debug] ([34mdata.js[0m) [31mRead {}[0m
2024-03-11 21:41:28.974 +0530 [debug] ([34mcustom-objects.js[0m) [31mupdated local store with latest entity hash[0m
2024-03-11 21:41:28.976 +0530 [info] Starting local testing server at http://*:10001/    
Append 'dev=true' to your Freshdesk account URL to start testing    
e.g. https://domain.freshdesk.com/a/tickets/1?dev=true    
Quit the server with Control-C.
